\BOOKMARK [1][-]{section.0.1}{\376\377\000R\000e\000s\000u\000m\000e\000n}{}% 1
\BOOKMARK [1][-]{section.0.2}{\376\377\000A\000b\000s\000t\000r\000a\000c\000t}{}% 2
\BOOKMARK [0][-]{chapter*.4}{\376\377\000M\000e\000c\000a\000n\000i\000s\000m\000o\000s\000\040\000d\000e\000\040\000c\000o\000o\000r\000d\000i\000n\000a\000c\000i\000\363\000n\000\040\000e\000m\000p\000l\000e\000a\000d\000o\000s}{}% 3
\BOOKMARK [1][-]{section.0.3}{\376\377\000O\000r\000g\000a\000n\000i\000z\000a\000c\000i\000\363\000n\000\040\000d\000e\000l\000\040\000t\000r\000a\000b\000a\000j\000o\000\040\000e\000n\000\040\000g\000r\000u\000p\000o}{chapter*.4}% 4
\BOOKMARK [2][-]{subsection.0.3.1}{\376\377\000P\000a\000r\000t\000e\000s\000\040\000q\000u\000e\000\040\000a\000b\000o\000r\000d\000a\000\040\000e\000l\000\040\000T\000F\000E\000,\000\040\000d\000i\000s\000t\000r\000i\000b\000u\000c\000i\000\363\000n\000\040\000y\000\040\000e\000s\000t\000r\000u\000c\000t\000u\000r\000a\000\040\000d\000e\000\040\000l\000a\000\040\000m\000e\000m\000o\000r\000i\000a}{section.0.3}% 5
\BOOKMARK [2][-]{subsection.0.3.2}{\376\377\000M\000e\000c\000a\000n\000i\000s\000m\000o\000s\000\040\000d\000e\000\040\000c\000o\000o\000r\000d\000i\000n\000a\000c\000i\000\363\000n\000\040\000e\000m\000p\000l\000e\000a\000d\000o\000s}{section.0.3}% 6
\BOOKMARK [0][-]{chapter.1}{\376\377\000I\000n\000t\000r\000o\000d\000u\000c\000c\000i\000\363\000n}{}% 7
\BOOKMARK [1][-]{section.1.1}{\376\377\0001\000.\000\040\000I\000n\000t\000r\000o\000d\000u\000c\000c\000i\000\363\000n}{chapter.1}% 8
\BOOKMARK [2][-]{subsection.1.1.1}{\376\377\0001\000.\0001\000.\000\040\000M\000o\000t\000i\000v\000a\000c\000i\000\363\000n}{section.1.1}% 9
\BOOKMARK [2][-]{subsection.1.1.2}{\376\377\0001\000.\0002\000.\000\040\000P\000l\000a\000n\000t\000e\000a\000m\000i\000e\000n\000t\000o\000\040\000d\000e\000l\000\040\000p\000r\000o\000b\000l\000e\000m\000a}{section.1.1}% 10
\BOOKMARK [2][-]{subsection.1.1.3}{\376\377\0001\000.\0003\000.\000\040\000E\000s\000t\000r\000u\000c\000t\000u\000r\000a\000\040\000d\000e\000l\000\040\000t\000r\000a\000b\000a\000j\000o}{section.1.1}% 11
\BOOKMARK [0][-]{chapter.2}{\376\377\000E\000s\000t\000a\000d\000o\000\040\000d\000e\000l\000\040\000a\000r\000t\000e}{}% 12
\BOOKMARK [1][-]{section.2.1}{\376\377\0002\000.\000\040\000E\000s\000t\000a\000d\000o\000\040\000d\000e\000l\000\040\000a\000r\000t\000e}{chapter.2}% 13
\BOOKMARK [2][-]{subsection.2.1.1}{\376\377\0002\000.\0001\000.\000\040\000F\000u\000n\000d\000a\000m\000e\000n\000t\000o\000s\000\040\000b\000l\000o\000c\000k\000c\000h\000a\000i\000n\000\040\000y\000\040\000c\000o\000n\000t\000r\000a\000t\000o\000s\000\040\000i\000n\000t\000e\000l\000i\000g\000e\000n\000t\000e\000s}{section.2.1}% 14
\BOOKMARK [2][-]{subsection.2.1.2}{\376\377\0002\000.\0003\000.\000\040\000I\000n\000t\000e\000r\000o\000p\000e\000r\000a\000b\000i\000l\000i\000d\000a\000d\000\040\000b\000l\000o\000c\000k\000c\000h\000a\000i\000n\000:\000\040\000b\000r\000i\000d\000g\000e\000s\000\040\000y\000\040\000p\000r\000o\000t\000o\000c\000o\000l\000o\000s\000\040\000c\000r\000o\000s\000s\000-\000c\000h\000a\000i\000n}{section.2.1}% 15
\BOOKMARK [2][-]{subsection.2.1.3}{\376\377\0002\000.\0004\000.\000\040\000V\000u\000l\000n\000e\000r\000a\000b\000i\000l\000i\000d\000a\000d\000e\000s\000\040\000d\000e\000\040\000s\000e\000g\000u\000r\000i\000d\000a\000d\000\040\000e\000n\000\040\000c\000o\000n\000t\000r\000a\000t\000o\000s\000\040\000i\000n\000t\000e\000l\000i\000g\000e\000n\000t\000e\000s\000\040\000d\000e\000\040\000E\000t\000h\000e\000r\000e\000u\000m}{section.2.1}% 16
\BOOKMARK [2][-]{subsection.2.1.4}{\376\377\0002\000.\0005\000.\000\040\000A\000t\000a\000q\000u\000e\000s\000\040\000R\000e\000a\000l\000e\000s}{section.2.1}% 17
\BOOKMARK [2][-]{subsection.2.1.5}{\376\377\0002\000.\0006\000.\000\040\000H\000e\000r\000r\000a\000m\000i\000e\000n\000t\000a\000s\000\040\000d\000e\000\040\000A\000n\000\341\000l\000i\000s\000i\000s}{section.2.1}% 18
\BOOKMARK [2][-]{subsection.2.1.6}{\376\377\0002\000.\0007\000.\000\040\000S\000\355\000n\000t\000e\000s\000i\000s\000\040\000y\000\040\000l\000i\000m\000i\000t\000a\000c\000i\000o\000n\000e\000s\000\040\000d\000e\000l\000\040\000e\000s\000t\000a\000d\000o\000\040\000d\000e\000l\000\040\000a\000r\000t\000e}{section.2.1}% 19
\BOOKMARK [0][-]{chapter.3}{\376\377\000O\000b\000j\000e\000t\000i\000v\000o\000s\000\040\000c\000o\000n\000c\000r\000e\000t\000o\000s\000\040\000y\000\040\000m\000e\000t\000o\000d\000o\000l\000o\000g\000\355\000a\000\040\000d\000e\000\040\000t\000r\000a\000b\000a\000j\000o}{}% 20
\BOOKMARK [1][-]{section.3.1}{\376\377\0003\000.\000\040\000O\000b\000j\000e\000t\000i\000v\000o\000s\000\040\000c\000o\000n\000c\000r\000e\000t\000o\000s\000\040\000y\000\040\000m\000e\000t\000o\000d\000o\000l\000o\000g\000\355\000a\000\040\000d\000e\000\040\000t\000r\000a\000b\000a\000j\000o}{chapter.3}% 21
\BOOKMARK [2][-]{subsection.3.1.1}{\376\377\0003\000.\0001\000.\000\040\000O\000b\000j\000e\000t\000i\000v\000o\000\040\000g\000e\000n\000e\000r\000a\000l}{section.3.1}% 22
\BOOKMARK [2][-]{subsection.3.1.2}{\376\377\0003\000.\0002\000.\000\040\000O\000b\000j\000e\000t\000i\000v\000o\000s\000\040\000e\000s\000p\000e\000c\000\355\000f\000i\000c\000o\000s}{section.3.1}% 23
\BOOKMARK [2][-]{subsection.3.1.3}{\376\377\0003\000.\0003\000.\000\040\000M\000e\000t\000o\000d\000o\000l\000o\000g\000\355\000a\000\040\000d\000e\000l\000\040\000t\000r\000a\000b\000a\000j\000o}{section.3.1}% 24
\BOOKMARK [0][-]{chapter.4}{\376\377\000D\000e\000s\000a\000r\000r\000o\000l\000l\000o\000\040\000e\000s\000p\000e\000c\000\355\000f\000i\000c\000o\000\040\000d\000e\000\040\000l\000a\000\040\000c\000o\000n\000t\000r\000i\000b\000u\000c\000i\000\363\000n}{}% 25
\BOOKMARK [1][-]{section.4.1}{\376\377\0004\000.\000\040\000D\000e\000s\000a\000r\000r\000o\000l\000l\000o\000\040\000d\000e\000\040\000l\000a\000\040\000s\000o\000l\000u\000c\000i\000\363\000n\000\040\000p\000r\000o\000p\000u\000e\000s\000t\000a}{chapter.4}% 26
\BOOKMARK [1][-]{section.4.2}{\376\377\0004\000.\0001\000.\000R\000e\000q\000u\000i\000s\000i\000t\000o\000s}{chapter.4}% 27
\BOOKMARK [2][-]{subsection.4.2.1}{\376\377\0004\000.\0001\000.\000\040\000I\000d\000e\000n\000t\000i\000f\000i\000c\000a\000c\000i\000\363\000n\000\040\000d\000e\000\040\000r\000e\000q\000u\000i\000s\000i\000t\000o\000s}{section.4.2}% 28
\BOOKMARK [1][-]{section.4.3}{\376\377\0004\000.\0002\000.\000A\000r\000q\000u\000i\000t\000e\000c\000t\000u\000r\000a}{chapter.4}% 29
\BOOKMARK [2][-]{subsection.4.3.1}{\376\377\0004\000.\0002\000.\000\040\000A\000r\000q\000u\000i\000t\000e\000c\000t\000u\000r\000a\000\040\000g\000e\000n\000e\000r\000a\000l\000\040\000d\000e\000\040\000E\000V\000M\000A\000u\000d\000i\000t}{section.4.3}% 30
\BOOKMARK [1][-]{section.4.4}{\376\377\0004\000.\0003\000.\000R\000u\000n\000n\000e\000r}{chapter.4}% 31
\BOOKMARK [2][-]{subsection.4.4.1}{\376\377\0004\000.\0003\000.\000\040\000M\000\363\000d\000u\000l\000o\000\040\000R\000u\000n\000n\000e\000r}{section.4.4}% 32
\BOOKMARK [1][-]{section.4.5}{\376\377\0004\000.\0004\000.\000N\000o\000r\000m\000a\000l\000i\000z\000e\000r}{chapter.4}% 33
\BOOKMARK [2][-]{subsection.4.5.1}{\376\377\0004\000.\0004\000.\000\040\000M\000\363\000d\000u\000l\000o\000\040\000d\000e\000\040\000n\000o\000r\000m\000a\000l\000i\000z\000a\000c\000i\000\363\000n}{section.4.5}% 34
\BOOKMARK [1][-]{section.4.6}{\376\377\0004\000.\0005\000.\000C\000o\000r\000r\000e\000l\000a\000t\000o\000r}{chapter.4}% 35
\BOOKMARK [2][-]{subsection.4.6.1}{\376\377\0004\000.\0005\000.\000\040\000M\000\363\000d\000u\000l\000o\000\040\000d\000e\000\040\000c\000o\000r\000r\000e\000l\000a\000c\000i\000\363\000n}{section.4.6}% 36
\BOOKMARK [1][-]{section.4.7}{\376\377\0004\000.\0006\000.\000S\000W\000C\000\040\000C\000a\000t\000a\000l\000o\000g}{chapter.4}% 37
\BOOKMARK [2][-]{subsection.4.7.1}{\376\377\0004\000.\0006\000.\000\040\000C\000a\000t\000\341\000l\000o\000g\000o\000\040\000d\000e\000\040\000v\000u\000l\000n\000e\000r\000a\000b\000i\000l\000i\000d\000a\000d\000e\000s\000\040\000S\000W\000C}{section.4.7}% 38
\BOOKMARK [1][-]{section.4.8}{\376\377\0004\000.\0007\000.\000E\000c\000h\000i\000d\000n\000a\000\040\000a\000d\000a\000p\000t\000a\000r}{chapter.4}% 39
\BOOKMARK [2][-]{subsection.4.8.1}{\376\377\0004\000.\0007\000.\000\040\000A\000d\000a\000p\000t\000a\000d\000o\000r\000\040\000p\000a\000r\000a\000\040\000E\000c\000h\000i\000d\000n\000a\000\040\000y\000\040\000g\000e\000n\000e\000r\000a\000c\000i\000\363\000n\000\040\000a\000u\000t\000o\000m\000\341\000t\000i\000c\000a\000\040\000d\000e\000\040\000p\000r\000o\000p\000i\000e\000d\000a\000d\000e\000s}{section.4.8}% 40
\BOOKMARK [1][-]{section.4.9}{\376\377\0004\000.\0008\000.\000G\000e\000s\000t\000i\000o\000n\000\040\000d\000e\000\040\000e\000r\000r\000o\000r\000e\000s}{chapter.4}% 41
\BOOKMARK [2][-]{subsection.4.9.1}{\376\377\0004\000.\0008\000.\000\040\000G\000e\000s\000t\000i\000\363\000n\000\040\000d\000e\000\040\000e\000r\000r\000o\000r\000e\000s\000\040\000y\000\040\000r\000o\000b\000u\000s\000t\000e\000z\000\040\000d\000e\000\040\000l\000a\000\040\000s\000o\000l\000u\000c\000i\000\363\000n}{section.4.9}% 42
\BOOKMARK [1][-]{section.4.10}{\376\377\0004\000.\0009\000.\000I\000n\000t\000e\000g\000r\000a\000c\000i\000\363\000n\000\040\000y\000\040\000d\000i\000s\000t\000r\000i\000b\000u\000c\000i\000\363\000n}{chapter.4}% 43
\BOOKMARK [2][-]{subsection.4.10.1}{\376\377\0004\000.\0009\000.\000\040\000D\000i\000s\000t\000r\000i\000b\000u\000c\000i\000\363\000n\000\040\000e\000\040\000i\000n\000t\000e\000g\000r\000a\000c\000i\000\363\000n\000\040\000d\000e\000\040\000l\000a\000\040\000s\000o\000l\000u\000c\000i\000\363\000n}{section.4.10}% 44
\BOOKMARK [1][-]{section.4.11}{\376\377\0004\000.\0001\0000\000.\000\040\000F\000l\000u\000j\000o\000\040\000c\000o\000m\000p\000l\000e\000t\000o}{chapter.4}% 45
\BOOKMARK [2][-]{subsection.4.11.1}{\376\377\0004\000.\0001\0000\000.\000\040\000F\000l\000u\000j\000o\000\040\000c\000o\000m\000p\000l\000e\000t\000o\000\040\000d\000e\000l\000\040\000a\000n\000\341\000l\000i\000s\000i\000s}{section.4.11}% 46
\BOOKMARK [1][-]{section.4.12}{\376\377\0004\000.\0001\0001\000.\000E\000v\000a\000l\000u\000a\000c\000i\000\363\000n\000\040\000e\000x\000p\000e\000r\000i\000m\000e\000n\000t\000a\000l}{chapter.4}% 47
\BOOKMARK [2][-]{subsection.4.12.1}{\376\377\0004\000.\0001\0001\000.\000\040\000F\000l\000u\000j\000o\000\040\000c\000o\000m\000p\000l\000e\000t\000o\000\040\000d\000e\000l\000\040\000a\000n\000\341\000l\000i\000s\000i\000s}{section.4.12}% 48
\BOOKMARK [0][-]{chapter.5}{\376\377\000C\000o\000n\000c\000l\000u\000s\000i\000o\000n\000e\000s\000\040\000y\000\040\000t\000r\000a\000b\000a\000j\000o\000\040\000f\000u\000t\000u\000r\000o}{}% 49
\BOOKMARK [1][-]{section.5.1}{\376\377\0005\000.\000\040\000C\000o\000n\000c\000l\000u\000s\000i\000o\000n\000e\000s\000\040\000y\000\040\000t\000r\000a\000b\000a\000j\000o\000\040\000f\000u\000t\000u\000r\000o}{chapter.5}% 50
\BOOKMARK [2][-]{subsection.5.1.1}{\376\377\0005\000.\0001\000\040\000C\000o\000n\000c\000l\000u\000s\000i\000o\000n\000e\000s}{section.5.1}% 51
\BOOKMARK [2][-]{subsection.5.1.2}{\376\377\0005\000.\0002\000\040\000L\000i\000m\000i\000t\000a\000c\000i\000o\000n\000e\000s\000\040\000d\000e\000\040\000l\000a\000\040\000s\000o\000l\000u\000c\000i\000\363\000n}{section.5.1}% 52
\BOOKMARK [2][-]{subsection.5.1.3}{\376\377\0005\000.\0003\000\040\000L\000\355\000n\000e\000a\000s\000\040\000d\000e\000\040\000t\000r\000a\000b\000a\000j\000o\000\040\000f\000u\000t\000u\000r\000o}{section.5.1}% 53
\BOOKMARK [1][-]{subsection.5.1.3}{\376\377\000R\000e\000f\000e\000r\000e\000n\000c\000i\000a\000s}{chapter.5}% 54
\BOOKMARK [0][-]{appendix.Alph1}{\376\377\000E\000j\000e\000m\000p\000l\000o\000s\000\040\000d\000e\000\040\000v\000u\000l\000n\000e\000r\000a\000b\000i\000l\000i\000d\000a\000d\000e\000s}{}% 55
\BOOKMARK [1][-]{section.Alph1.1}{\376\377\000A\000N\000E\000X\000O\000\040\000A\000.\000\040\000E\000j\000e\000m\000p\000l\000o\000s\000\040\000d\000e\000\040\000v\000u\000l\000n\000e\000r\000a\000b\000i\000l\000i\000d\000a\000d\000e\000s\000\040\000e\000n\000\040\000c\000o\000n\000t\000r\000a\000t\000o\000s\000\040\000i\000n\000t\000e\000l\000i\000g\000e\000n\000t\000e\000s}{appendix.Alph1}% 56
\BOOKMARK [2][-]{subsection.Alph1.1.1}{\376\377\000A\000N\000E\000X\000O\000\040\000A\000.\0001\000.\000\040\000V\000u\000l\000n\000e\000r\000a\000b\000i\000l\000i\000d\000a\000d\000e\000s\000\040\000t\000\351\000c\000n\000i\000c\000a\000s\000\040\000d\000e\000\040\000e\000j\000e\000c\000u\000c\000i\000\363\000n}{section.Alph1.1}% 57
\BOOKMARK [2][-]{subsection.Alph1.1.2}{\376\377\000A\000N\000E\000X\000O\000\040\000A\000.\0002\000.\000\040\000V\000u\000l\000n\000e\000r\000a\000b\000i\000l\000i\000d\000a\000d\000e\000s\000\040\000t\000\351\000c\000n\000i\000c\000a\000s\000\040\000d\000e\000\040\000c\000o\000n\000t\000r\000o\000l\000\040\000y\000\040\000p\000r\000i\000v\000i\000l\000e\000g\000i\000o\000s}{section.Alph1.1}% 58
\BOOKMARK [2][-]{subsection.Alph1.1.3}{\376\377\000A\000N\000E\000X\000O\000\040\000A\000.\0003\000.\000\040\000V\000u\000l\000n\000e\000r\000a\000b\000i\000l\000i\000d\000a\000d\000e\000s\000\040\000e\000c\000o\000n\000\363\000m\000i\000c\000a\000s\000\040\000y\000\040\000d\000e\000l\000\040\000e\000n\000t\000o\000r\000n\000o}{section.Alph1.1}% 59
\BOOKMARK [2][-]{subsection.Alph1.1.4}{\376\377\000A\000N\000E\000X\000O\000\040\000A\000.\0004\000.\000\040\000E\000r\000r\000o\000r\000e\000s\000\040\000l\000\363\000g\000i\000c\000o\000s\000\040\000d\000e\000\040\000n\000e\000g\000o\000c\000i\000o}{section.Alph1.1}% 60
\BOOKMARK [2][-]{subsection.Alph1.1.5}{\376\377\000A\000N\000E\000X\000O\000\040\000A\000.\0005\000.\000\040\000R\000e\000s\000u\000m\000e\000n\000\040\000d\000e\000\040\000v\000u\000l\000n\000e\000r\000a\000b\000i\000l\000i\000d\000a\000d\000e\000s}{section.Alph1.1}% 61
\BOOKMARK [0][-]{appendix.Alph2}{\376\377\000E\000n\000t\000o\000r\000n\000o\000\040\000v\000i\000r\000t\000u\000a\000l\000\040\000P\000y\000t\000h\000o\000n}{}% 62
\BOOKMARK [1][-]{section.Alph2.1}{\376\377\000A\000N\000E\000X\000O\000\040\000B\000.\000\040\000E\000n\000t\000o\000r\000n\000o\000\040\000v\000i\000r\000t\000u\000a\000l\000\040\000P\000y\000t\000h\000o\000n}{appendix.Alph2}% 63
\BOOKMARK [2][-]{subsection.Alph2.1.1}{\376\377\000A\000N\000E\000X\000O\000\040\000B\000.\0001\000.\000\040\000T\000i\000p\000o\000s\000\040\000d\000e\000\040\000e\000n\000t\000o\000r\000n\000o\000s\000\040\000v\000i\000r\000t\000u\000a\000l\000e\000s}{section.Alph2.1}% 64
\BOOKMARK [2][-]{subsection.Alph2.1.2}{\376\377\000A\000N\000E\000X\000O\000\040\000B\000.\0002\000.\000\040\000H\000e\000r\000r\000a\000m\000i\000e\000n\000t\000a\000\040\000a\000\040\000u\000s\000a\000r\000:\000\040\000u\000v}{section.Alph2.1}% 65
\BOOKMARK [0][-]{appendix.Alph3}{\376\377\000D\000i\000s\000t\000r\000i\000b\000u\000c\000i\000\363\000n\000\040\000m\000e\000d\000i\000a\000n\000t\000e\000\040\000P\000y\000P\000I}{}% 66
\BOOKMARK [1][-]{section.Alph3.1}{\376\377\000A\000N\000E\000X\000O\000\040\000C\000.\000\040\000D\000I\000S\000T\000R\000I\000B\000U\000C\000I\000\323\000N\000\040\000Y\000\040\000P\000U\000B\000L\000I\000C\000A\000C\000I\000\323\000N\000\040\000E\000N\000\040\000E\000L\000\040\000R\000E\000G\000I\000S\000T\000R\000O\000\040\000D\000E\000\040\000P\000A\000Q\000U\000E\000T\000E\000S\000\040\000P\000Y\000P\000I}{appendix.Alph3}% 67
\BOOKMARK [2][-]{subsection.Alph3.1.1}{\376\377\000A\000N\000E\000X\000O\000\040\000C\000.\0002\000.\000\040\000P\000r\000o\000c\000e\000s\000o\000\040\000d\000e\000\040\000C\000o\000m\000p\000i\000l\000a\000c\000i\000\363\000n\000\040\000d\000e\000l\000\040\000P\000a\000q\000u\000e\000t\000e}{section.Alph3.1}% 68
\BOOKMARK [2][-]{subsection.Alph3.1.2}{\376\377\000A\000N\000E\000X\000O\000\040\000C\000.\0003\000.\000\040\000S\000e\000g\000u\000r\000i\000d\000a\000d\000\040\000y\000\040\000A\000u\000t\000e\000n\000t\000i\000c\000a\000c\000i\000\363\000n\000\040\000e\000n\000\040\000l\000a\000\040\000P\000u\000b\000l\000i\000c\000a\000c\000i\000\363\000n}{section.Alph3.1}% 69
\BOOKMARK [2][-]{subsection.Alph3.1.3}{\376\377\000A\000N\000E\000X\000O\000\040\000C\000.\0004\000.\000\040\000E\000j\000e\000c\000u\000c\000i\000\363\000n\000\040\000d\000e\000l\000\040\000D\000e\000s\000p\000l\000i\000e\000g\000u\000e}{section.Alph3.1}% 70
\BOOKMARK [2][-]{subsection.Alph3.1.4}{\376\377\000A\000N\000E\000X\000O\000\040\000C\000.\0005\000.\000\040\000C\000i\000c\000l\000o\000\040\000d\000e\000\040\000M\000a\000n\000t\000e\000n\000i\000m\000i\000e\000n\000t\000o\000\040\000y\000\040\000A\000c\000t\000u\000a\000l\000i\000z\000a\000c\000i\000\363\000n\000\040\000d\000e\000\040\000V\000e\000r\000s\000i\000o\000n\000e\000s}{section.Alph3.1}% 71
\BOOKMARK [0][-]{appendix.Alph4}{\376\377\000D\000o\000c\000k\000e\000r}{}% 72
\BOOKMARK [1][-]{section.Alph4.1}{\376\377\000A\000n\000e\000x\000o\000\040\000D\000\040\000D\000o\000c\000k\000e\000r}{appendix.Alph4}% 73
\BOOKMARK [2][-]{subsection.Alph4.1.1}{\376\377\000A\000N\000E\000X\000O\000\040\000D\000.\0001\000.\000\040\000C\000O\000N\000T\000E\000N\000E\000D\000O\000R\000I\000Z\000A\000C\000I\000\323\000N\000\040\000E\000\040\000I\000N\000F\000R\000A\000E\000S\000T\000R\000U\000C\000T\000U\000R\000A\000\040\000D\000E\000\040\000D\000E\000S\000P\000L\000I\000E\000G\000U\000E\000\040\000\050\000D\000O\000C\000K\000E\000R\000\051}{section.Alph4.1}% 74
\BOOKMARK [2][-]{subsection.Alph4.1.2}{\376\377\000A\000N\000E\000X\000O\000\040\000D\000.\0002\000.\000\040\000F\000u\000n\000d\000a\000m\000e\000n\000t\000o\000s\000\040\000d\000e\000\040\000C\000o\000n\000t\000e\000n\000e\000d\000o\000r\000i\000z\000a\000c\000i\000\363\000n\000:\000\040\000D\000o\000c\000k\000e\000r\000\040\000y\000\040\000D\000o\000c\000k\000e\000r\000\040\000C\000o\000m\000p\000o\000s\000e}{section.Alph4.1}% 75
\BOOKMARK [2][-]{subsection.Alph4.1.3}{\376\377\000A\000N\000E\000X\000O\000\040\000D\000.\0003\000.\000\040\000E\000s\000t\000r\000a\000t\000e\000g\000i\000a\000\040\000d\000e\000\040\000C\000o\000n\000s\000t\000r\000u\000c\000c\000i\000\363\000n\000\040\000d\000e\000\040\000l\000a\000\040\000I\000m\000a\000g\000e\000n\000\040\000\050\000D\000o\000c\000k\000e\000r\000f\000i\000l\000e\000\051}{section.Alph4.1}% 76
\BOOKMARK [2][-]{subsection.Alph4.1.4}{\376\377\000A\000N\000E\000X\000O\000\040\000D\000.\0004\000.\000\040\000O\000r\000q\000u\000e\000s\000t\000a\000c\000i\000\363\000n\000\040\000d\000e\000\040\000S\000e\000r\000v\000i\000c\000i\000o\000s\000\040\000\050\000D\000o\000c\000k\000e\000r\000\040\000C\000o\000m\000p\000o\000s\000e\000\051}{section.Alph4.1}% 77
\BOOKMARK [2][-]{subsection.Alph4.1.5}{\376\377\000A\000N\000E\000X\000O\000\040\000D\000.\0005\000.\000\040\000F\000l\000u\000j\000o\000\040\000d\000e\000\040\000D\000e\000s\000p\000l\000i\000e\000g\000u\000e\000\040\000y\000\040\000C\000i\000c\000l\000o\000\040\000d\000e\000\040\000V\000i\000d\000a\000\040\000d\000e\000l\000\040\000C\000o\000n\000t\000e\000n\000e\000d\000o\000r}{section.Alph4.1}% 78
\BOOKMARK [0][-]{appendix.Alph5}{\376\377\000A\000p\000l\000i\000c\000a\000c\000i\000\363\000n\000\040\000w\000e\000b}{}% 79
\BOOKMARK [0][-]{appendix.Alph6}{\376\377\000C\000I\000/\000C\000D}{}% 80
\BOOKMARK [1][-]{section.Alph6.1}{\376\377\000A\000N\000E\000X\000O\000\040\000F\000.\000\040\000E\000N\000T\000O\000R\000N\000O\000\040\000D\000E\000\040\000I\000N\000T\000E\000G\000R\000A\000C\000I\000\323\000N\000\040\000C\000O\000N\000T\000I\000N\000U\000A\000\040\000\050\000C\000I\000/\000C\000D\000\051\000\040\000Y\000\040\000P\000U\000B\000L\000I\000C\000A\000C\000I\000\323\000N\000\040\000A\000U\000T\000O\000M\000A\000T\000I\000Z\000A\000D\000A}{appendix.Alph6}% 81
\BOOKMARK [2][-]{subsection.Alph6.1.1}{\376\377\000A\000N\000E\000X\000O\000\040\000F\000.\0001\000.\000\040\000A\000r\000q\000u\000i\000t\000e\000c\000t\000u\000r\000a\000\040\000d\000e\000l\000\040\000W\000o\000r\000k\000f\000l\000o\000w\000\040\000y\000\040\000D\000i\000s\000p\000a\000r\000a\000d\000o\000r\000e\000s\000\040\000\050\000T\000r\000i\000g\000g\000e\000r\000s\000\051}{section.Alph6.1}% 82
\BOOKMARK [2][-]{subsection.Alph6.1.2}{\376\377\000A\000N\000E\000X\000O\000\040\000F\000.\0002\000.\000\040\000D\000e\000s\000g\000l\000o\000s\000e\000\040\000T\000\351\000c\000n\000i\000c\000o\000\040\000d\000e\000\040\000l\000a\000s\000\040\000E\000t\000a\000p\000a\000s\000\040\000d\000e\000l\000\040\000P\000i\000p\000e\000l\000i\000n\000e}{section.Alph6.1}% 83
\BOOKMARK [0][-]{appendix.Alph7}{\376\377\000R\000a\000i\000l\000w\000a\000y}{}% 84
\BOOKMARK [1][-]{section.Alph7.1}{\376\377\000A\000N\000E\000X\000O\000\040\000G\000.\000\040\000D\000E\000S\000P\000L\000I\000E\000G\000U\000E\000\040\000D\000E\000\040\000L\000A\000\040\000I\000N\000F\000R\000A\000E\000S\000T\000R\000U\000C\000T\000U\000R\000A\000\040\000E\000N\000\040\000L\000A\000\040\000N\000U\000B\000E\000\040\000\050\000R\000A\000I\000L\000W\000A\000Y\000\051}{appendix.Alph7}% 85
\BOOKMARK [2][-]{subsection.Alph7.1.1}{\376\377\000A\000N\000E\000X\000O\000\040\000G\000.\0001\000.\000\040\000A\000p\000r\000o\000v\000i\000s\000i\000o\000n\000a\000m\000i\000e\000n\000t\000o\000\040\000y\000\040\000C\000o\000n\000f\000i\000g\000u\000r\000a\000c\000i\000\363\000n\000\040\000d\000e\000l\000\040\000E\000n\000t\000o\000r\000n\000o\000\040\000C\000l\000o\000u\000d}{section.Alph7.1}% 86
\BOOKMARK [2][-]{subsection.Alph7.1.2}{\376\377\000A\000N\000E\000X\000O\000\040\000G\000.\0002\000.\000\040\000L\000i\000m\000i\000t\000a\000c\000i\000o\000n\000e\000s\000\040\000d\000e\000\040\000H\000a\000r\000d\000w\000a\000r\000e\000\040\000y\000\040\000e\000l\000\040\000P\000r\000o\000b\000l\000e\000m\000a\000\040\000d\000e\000l\000\040\000D\000e\000s\000b\000o\000r\000d\000a\000m\000i\000e\000n\000t\000o\000\040\000d\000e\000\040\000M\000e\000m\000o\000r\000i\000a\000\040\000\050\000O\000O\000M\000\051}{section.Alph7.1}% 87
\BOOKMARK [2][-]{subsection.Alph7.1.3}{\376\377\000A\000N\000E\000X\000O\000\040\000G\000.\0003\000.\000\040\000O\000p\000t\000i\000m\000i\000z\000a\000c\000i\000\363\000n\000\040\000d\000e\000l\000\040\000S\000i\000s\000t\000e\000m\000a\000\040\000e\000n\000\040\000T\000i\000e\000m\000p\000o\000\040\000d\000e\000\040\000E\000j\000e\000c\000u\000c\000i\000\363\000n\000\040\000\050\000R\000T\000S\000\051\000\040\000d\000e\000\040\000H\000a\000s\000k\000e\000l\000l}{section.Alph7.1}% 88
